Processing category: undefined
Processing category: etf-dividend
Processing category: etf-dividend
Processing category: etf-dividend
Processing category: etf-dividend
Processing category: etf-dividend
Processing category: etf-dividend
Processing category: etf-dividend
Processing category: etf-dividend
Processing category: etf-dividend
Processing category: etf-dividend
Processing category: etf-dividend
Processing category: etf-dividend
Processing category: etf-dividend
Processing category: etf-dividend
Processing category: etf-dividend
Processing category: undefined
Processed Title: DGRW 배당분석
Processing category: etf-dividend
Processed Title: CONY 배당분석
Processing category: etf-dividend
Processed Title: JEPQ 배당분석
Processing category: etf-dividend
Processed Title: JEPI 배당분석
Processing category: etf-dividend
Processed Title: SGOV 배당분석
Processing category: etf-dividend
Processed Title: NOBL 배당분석
Processing category: etf-dividend
Processed Title: DROG 배당분석
Processing category: etf-dividend
Processed Title: QQQ 배당분석
Processing category: etf-dividend
Processed Title: SCHD 배당분석
Processing category: etf-dividend
Processed Title: SPY 배당분석
Processing category: etf-dividend
Processed Title: Test Post
Processing category: etf-dividend
Processed Title: TLT 배당분석
Processing category: etf-dividend
Processed Title: YMAX 배당분석
Processing category: etf-dividend
Processed Title: VIG 배당분석
Processing category: etf-dividend
Processed Title: XYLD 배당분석
Processing category: etf-dividend
